Using launch settings from /Users/macbookpro/Desktop/Aplicaciones Globales/SkillLinkApp/skilllink-project/services/auth-service/Auth-Service/Properties/launchSettings.json...
Building...
info: Microsoft.Hosting.Lifetime[14]
      Now listening on: http://[::]:5293
info: Microsoft.Hosting.Lifetime[0]
      Application started. Press Ctrl+C to shut down.
info: Microsoft.Hosting.Lifetime[0]
      Hosting environment: Development
info: Microsoft.Hosting.Lifetime[0]
      Content root path: /Users/macbookpro/Desktop/Aplicaciones Globales/SkillLinkApp/skilllink-project/services/auth-service/Auth-Service
🔵 .NET Request: POST /api/auth/register
info: Microsoft.EntityFrameworkCore.Database.Command[20101]
      Executed DbCommand (37ms) [Parameters=[@__model_email_0='?' (Size = 4000)], CommandType='Text', CommandTimeout='30']
      SELECT EXISTS (
          SELECT 1
          FROM `users` AS `u`
          WHERE `u`.`email` = @__model_email_0)
info: Microsoft.EntityFrameworkCore.Database.Command[20101]
      Executed DbCommand (12ms) [Parameters=[@p0='?' (DbType = DateTime), @p1='?' (Size = 4000), @p2='?' (DbType = Boolean), @p3='?' (DbType = Boolean), @p4='?' (DbType = DateTime), @p5='?' (Size = 4000), @p6='?' (Size = 4000), @p7='?' (Size = 4000)], CommandType='Text', CommandTimeout='30']
      INSERT INTO `users` (`created_at`, `email`, `email_verified`, `is_active`, `last_login`, `password_hash`, `phone_number`, `profile_image_url`)
      VALUES (@p0, @p1, @p2, @p3, @p4, @p5, @p6, @p7);
      SELECT `user_id`
      FROM `users`
      WHERE ROW_COUNT() = 1 AND `user_id` = LAST_INSERT_ID();
🔵 .NET Request: POST /api/auth/register
info: Microsoft.EntityFrameworkCore.Database.Command[20101]
      Executed DbCommand (22ms) [Parameters=[@__model_email_0='?' (Size = 4000)], CommandType='Text', CommandTimeout='30']
      SELECT EXISTS (
          SELECT 1
          FROM `users` AS `u`
          WHERE `u`.`email` = @__model_email_0)
info: Microsoft.EntityFrameworkCore.Database.Command[20101]
      Executed DbCommand (16ms) [Parameters=[@p0='?' (DbType = DateTime), @p1='?' (Size = 4000), @p2='?' (DbType = Boolean), @p3='?' (DbType = Boolean), @p4='?' (DbType = DateTime), @p5='?' (Size = 4000), @p6='?' (Size = 4000), @p7='?' (Size = 4000)], CommandType='Text', CommandTimeout='30']
      INSERT INTO `users` (`created_at`, `email`, `email_verified`, `is_active`, `last_login`, `password_hash`, `phone_number`, `profile_image_url`)
      VALUES (@p0, @p1, @p2, @p3, @p4, @p5, @p6, @p7);
      SELECT `user_id`
      FROM `users`
      WHERE ROW_COUNT() = 1 AND `user_id` = LAST_INSERT_ID();
🔵 .NET Request: POST /api/auth/login
info: Microsoft.EntityFrameworkCore.Database.Command[20101]
      Executed DbCommand (4ms) [Parameters=[@__model_Email_0='?' (Size = 4000)], CommandType='Text', CommandTimeout='30']
      SELECT `u`.`user_id`, `u`.`created_at`, `u`.`email`, `u`.`email_verified`, `u`.`is_active`, `u`.`last_login`, `u`.`password_hash`, `u`.`phone_number`, `u`.`profile_image_url`
      FROM `users` AS `u`
      WHERE `u`.`email` = @__model_Email_0
      LIMIT 1
🔵 .NET Request: POST /api/auth/login
info: Microsoft.EntityFrameworkCore.Database.Command[20101]
      Executed DbCommand (25ms) [Parameters=[@__model_Email_0='?' (Size = 4000)], CommandType='Text', CommandTimeout='30']
      SELECT `u`.`user_id`, `u`.`created_at`, `u`.`email`, `u`.`email_verified`, `u`.`is_active`, `u`.`last_login`, `u`.`password_hash`, `u`.`phone_number`, `u`.`profile_image_url`
      FROM `users` AS `u`
      WHERE `u`.`email` = @__model_Email_0
      LIMIT 1
🔵 .NET Request: POST /api/auth/login
info: Microsoft.EntityFrameworkCore.Database.Command[20101]
      Executed DbCommand (3ms) [Parameters=[@__model_Email_0='?' (Size = 4000)], CommandType='Text', CommandTimeout='30']
      SELECT `u`.`user_id`, `u`.`created_at`, `u`.`email`, `u`.`email_verified`, `u`.`is_active`, `u`.`last_login`, `u`.`password_hash`, `u`.`phone_number`, `u`.`profile_image_url`
      FROM `users` AS `u`
      WHERE `u`.`email` = @__model_Email_0
      LIMIT 1
🔵 .NET Request: POST /api/auth/register
info: Microsoft.EntityFrameworkCore.Database.Command[20101]
      Executed DbCommand (21ms) [Parameters=[@__model_email_0='?' (Size = 4000)], CommandType='Text', CommandTimeout='30']
      SELECT EXISTS (
          SELECT 1
          FROM `users` AS `u`
          WHERE `u`.`email` = @__model_email_0)
info: Microsoft.EntityFrameworkCore.Database.Command[20101]
      Executed DbCommand (43ms) [Parameters=[@p0='?' (DbType = DateTime), @p1='?' (Size = 4000), @p2='?' (DbType = Boolean), @p3='?' (DbType = Boolean), @p4='?' (DbType = DateTime), @p5='?' (Size = 4000), @p6='?' (Size = 4000), @p7='?' (Size = 4000)], CommandType='Text', CommandTimeout='30']
      INSERT INTO `users` (`created_at`, `email`, `email_verified`, `is_active`, `last_login`, `password_hash`, `phone_number`, `profile_image_url`)
      VALUES (@p0, @p1, @p2, @p3, @p4, @p5, @p6, @p7);
      SELECT `user_id`
      FROM `users`
      WHERE ROW_COUNT() = 1 AND `user_id` = LAST_INSERT_ID();
info: Microsoft.Hosting.Lifetime[0]
      Application is shutting down...
